17:19:57 INFO  : Registering command handlers for SDK TCF services
17:19:58 INFO  : Launching XSCT server: xsct -n -interactive /opt/Xilinx/SDK/2018.2/0projects/customip/customip.sdk/temp_xsdb_launch_script.tcl
17:20:00 INFO  : XSCT server has started successfully.
17:20:00 INFO  : Successfully done setting XSCT server connection channel  
17:20:00 INFO  : Successfully done setting SDK workspace  
17:20:00 INFO  : Processing command line option -hwspec /opt/Xilinx/SDK/2018.2/0projects/customip/customip.sdk/mb_system_wrapper.hdf.
17:23:37 INFO  : Inferring section assignments and sizes from elf file: /opt/Xilinx/SDK/2018.2/0projects/customip/customip.sdk/hi/Debug/hi.elf
17:23:43 INFO  : Successfully generated /opt/Xilinx/SDK/2018.2/0projects/customip/customip.sdk/hi/src/lscript.ld.
17:23:43 INFO  : Applying linker script to all configurations of project hi.
17:23:43 INFO  : Setting rebuild state to true for all configurations of project hi.
15:41:12 INFO  : Registering command handlers for SDK TCF services
15:41:14 INFO  : Launching XSCT server: xsct -n -interactive /opt/Xilinx/SDK/2018.2/0projects/customip/customip.sdk/temp_xsdb_launch_script.tcl
15:41:19 INFO  : XSCT server has started successfully.
15:41:19 INFO  : Successfully done setting XSCT server connection channel  
15:41:24 INFO  : Successfully done setting SDK workspace  
15:41:24 INFO  : Processing command line option -hwspec /opt/Xilinx/SDK/2018.2/0projects/customip/customip.sdk/mb_system_wrapper.hdf.
15:41:24 INFO  : Checking for hwspec changes in the project mb_system_wrapper_hw_platform_0.
15:41:29 INFO  : SDK has detected change in the last modified timestamps for source hardware specification file Source:1543239644000,  Project:1543072557000
15:41:29 INFO  : The hardware specification for project 'mb_system_wrapper_hw_platform_0' is different from /opt/Xilinx/SDK/2018.2/0projects/customip/customip.sdk/mb_system_wrapper.hdf.
15:41:29 INFO  : Copied contents of /opt/Xilinx/SDK/2018.2/0projects/customip/customip.sdk/mb_system_wrapper.hdf into /mb_system_wrapper_hw_platform_0/system.hdf.
15:41:29 INFO  : Synchronizing projects in the workspace with the hardware platform specification changes.
15:41:31 INFO  : 
15:41:32 INFO  : Updating hardware inferred compiler options for hi.
15:41:32 INFO  : Clearing existing target manager status.
15:41:58 INFO  : Inferring section assignments and sizes from elf file: /opt/Xilinx/SDK/2018.2/0projects/customip/customip.sdk/hi/Debug/hi.elf
15:42:01 INFO  : Successfully generated /opt/Xilinx/SDK/2018.2/0projects/customip/customip.sdk/hi/src/lscript.ld.
15:42:01 INFO  : Applying linker script to all configurations of project hi.
15:42:01 INFO  : Setting rebuild state to true for all configurations of project hi.
17:50:14 INFO  : Registering command handlers for SDK TCF services
17:50:15 INFO  : Launching XSCT server: xsct -n -interactive /opt/Xilinx/SDK/2018.2/0projects/customip/customip.sdk/temp_xsdb_launch_script.tcl
17:50:18 INFO  : XSCT server has started successfully.
17:50:18 INFO  : Successfully done setting XSCT server connection channel  
17:50:21 INFO  : Successfully done setting SDK workspace  
17:50:21 INFO  : Processing command line option -hwspec /opt/Xilinx/SDK/2018.2/0projects/customip/customip.sdk/mb_system_wrapper.hdf.
17:50:21 INFO  : Checking for hwspec changes in the project mb_system_wrapper_hw_platform_0.
17:50:24 INFO  : SDK has detected change in the last modified timestamps for source hardware specification file Source:1543333783000,  Project:1543239644000
17:50:24 INFO  : The hardware specification for project 'mb_system_wrapper_hw_platform_0' is different from /opt/Xilinx/SDK/2018.2/0projects/customip/customip.sdk/mb_system_wrapper.hdf.
17:50:24 INFO  : Copied contents of /opt/Xilinx/SDK/2018.2/0projects/customip/customip.sdk/mb_system_wrapper.hdf into /mb_system_wrapper_hw_platform_0/system.hdf.
17:50:25 INFO  : Synchronizing projects in the workspace with the hardware platform specification changes.
17:50:27 INFO  : 
17:50:28 INFO  : Updating hardware inferred compiler options for hi.
17:50:28 INFO  : Clearing existing target manager status.
19:56:26 INFO  : Registering command handlers for SDK TCF services
19:56:27 INFO  : Launching XSCT server: xsct -n -interactive /opt/Xilinx/SDK/2018.2/0projects/customip/customip.sdk/temp_xsdb_launch_script.tcl
19:56:29 INFO  : XSCT server has started successfully.
19:56:29 INFO  : Successfully done setting XSCT server connection channel  
19:56:29 INFO  : Successfully done setting SDK workspace  
19:56:29 INFO  : Processing command line option -hwspec /opt/Xilinx/SDK/2018.2/0projects/customip/customip.sdk/mb_system_wrapper.hdf.
19:56:30 INFO  : Checking for hwspec changes in the project mb_system_wrapper_hw_platform_0.
19:56:32 INFO  : SDK has detected change in the last modified timestamps for source hardware specification file Source:1543341370000,  Project:1543333783000
19:56:32 INFO  : The hardware specification for project 'mb_system_wrapper_hw_platform_0' is different from /opt/Xilinx/SDK/2018.2/0projects/customip/customip.sdk/mb_system_wrapper.hdf.
19:56:32 INFO  : Copied contents of /opt/Xilinx/SDK/2018.2/0projects/customip/customip.sdk/mb_system_wrapper.hdf into /mb_system_wrapper_hw_platform_0/system.hdf.
19:56:32 INFO  : Synchronizing projects in the workspace with the hardware platform specification changes.
19:56:33 INFO  : 
19:56:34 INFO  : Updating hardware inferred compiler options for hi.
19:56:34 INFO  : Clearing existing target manager status.
20:02:06 INFO  : SDK has detected change in the last modified timestamps for source hardware specification file Source:1543341726000,  Project:1543341370000
20:02:06 INFO  : Project mb_system_wrapper_hw_platform_0's source hardware specification located at /opt/Xilinx/SDK/2018.2/0projects/customip/customip.sdk/mb_system_wrapper.hdf is now different from the local copy.
		 The local copy will be replaced with the source specification and your workspace will be updated.
20:02:08 INFO  : Copied contents of /opt/Xilinx/SDK/2018.2/0projects/customip/customip.sdk/mb_system_wrapper.hdf into /mb_system_wrapper_hw_platform_0/system.hdf.
20:02:08 INFO  : Synchronizing projects in the workspace with the hardware platform specification changes.
20:02:09 INFO  : 
20:02:10 INFO  : Updating hardware inferred compiler options for hi.
20:02:13 INFO  : Clearing existing target manager status.
20:16:30 INFO  : Registering command handlers for SDK TCF services
20:16:31 INFO  : Launching XSCT server: xsct -n -interactive /opt/Xilinx/SDK/2018.2/0projects/customip/customip.sdk/temp_xsdb_launch_script.tcl
20:16:33 INFO  : XSCT server has started successfully.
20:16:34 INFO  : Successfully done setting XSCT server connection channel  
20:16:34 INFO  : Successfully done setting SDK workspace  
20:16:34 INFO  : Processing command line option -hwspec /opt/Xilinx/SDK/2018.2/0projects/customip/customip.sdk/mb_system_wrapper.hdf.
20:16:34 INFO  : Checking for hwspec changes in the project mb_system_wrapper_hw_platform_0.
20:19:14 INFO  : SDK has detected change in the last modified timestamps for source hardware specification file Source:1543342752000,  Project:1543341726000
20:19:14 INFO  : Project mb_system_wrapper_hw_platform_0's source hardware specification located at /opt/Xilinx/SDK/2018.2/0projects/customip/customip.sdk/mb_system_wrapper.hdf is now different from the local copy.
		 The local copy will be replaced with the source specification and your workspace will be updated.
20:19:25 INFO  : Copied contents of /opt/Xilinx/SDK/2018.2/0projects/customip/customip.sdk/mb_system_wrapper.hdf into /mb_system_wrapper_hw_platform_0/system.hdf.
20:19:25 INFO  : Synchronizing projects in the workspace with the hardware platform specification changes.
20:19:26 INFO  : 
20:19:27 INFO  : Updating hardware inferred compiler options for hi.
20:19:27 INFO  : Clearing existing target manager status.
16:33:01 INFO  : Registering command handlers for SDK TCF services
16:33:03 INFO  : Launching XSCT server: xsct -n -interactive /opt/Xilinx/SDK/2018.2/0projects/customip/customip.sdk/temp_xsdb_launch_script.tcl
16:33:06 INFO  : XSCT server has started successfully.
16:33:06 INFO  : Successfully done setting XSCT server connection channel  
16:33:08 INFO  : Successfully done setting SDK workspace  
16:33:08 INFO  : Processing command line option -hwspec /opt/Xilinx/SDK/2018.2/0projects/customip/customip.sdk/mb_system_wrapper.hdf.
16:33:08 INFO  : Checking for hwspec changes in the project mb_system_wrapper_hw_platform_0.
16:33:11 INFO  : SDK has detected change in the last modified timestamps for source hardware specification file Source:1543501957000,  Project:1543342752000
16:33:11 INFO  : The hardware specification for project 'mb_system_wrapper_hw_platform_0' is different from /opt/Xilinx/SDK/2018.2/0projects/customip/customip.sdk/mb_system_wrapper.hdf.
16:33:11 INFO  : Copied contents of /opt/Xilinx/SDK/2018.2/0projects/customip/customip.sdk/mb_system_wrapper.hdf into /mb_system_wrapper_hw_platform_0/system.hdf.
16:33:12 INFO  : Synchronizing projects in the workspace with the hardware platform specification changes.
16:33:15 INFO  : 
16:33:15 INFO  : Updating hardware inferred compiler options for hi.
16:33:16 INFO  : Clearing existing target manager status.
